
VCFtools - 0.1.16
(C) Adam Auton and Anthony Marcketta 2009

Parameters as interpreted:
	--gzvcf ../output/FH_1000G.noMiss.vcf.gz
	--not-chr X
	--not-chr Y
	--recode
	--stdout

Using zlib version: 1.2.11
Warning: Expected at least 2 parts in INFO entry: ID=AA,Number=1,Type=String,Description="Ancestral Allele. Format: AA|REF|ALT|IndelType. AA: Ancestral allele, REF:Reference Allele, ALT:Alternate Allele, IndelType:Type of Indel (REF, ALT and IndelType are only defined for indels)">
Warning: Expected at least 2 parts in INFO entry: ID=AA,Number=1,Type=String,Description="Ancestral Allele. Format: AA|REF|ALT|IndelType. AA: Ancestral allele, REF:Reference Allele, ALT:Alternate Allele, IndelType:Type of Indel (REF, ALT and IndelType are only defined for indels)">
Warning: Expected at least 2 parts in INFO entry: ID=AA,Number=1,Type=String,Description="Ancestral Allele. Format: AA|REF|ALT|IndelType. AA: Ancestral allele, REF:Reference Allele, ALT:Alternate Allele, IndelType:Type of Indel (REF, ALT and IndelType are only defined for indels)">
Warning: Expected at least 2 parts in INFO entry: ID=AA,Number=1,Type=String,Description="Ancestral Allele. Format: AA|REF|ALT|IndelType. AA: Ancestral allele, REF:Reference Allele, ALT:Alternate Allele, IndelType:Type of Indel (REF, ALT and IndelType are only defined for indels)">
Warning: Expected at least 2 parts in INFO entry: ID=AC,Number=A,Type=Integer,Description="Allele count in genotypes, for each ALT allele, in the same order as listed">
Warning: Expected at least 2 parts in INFO entry: ID=AC,Number=A,Type=Integer,Description="Allele count in genotypes, for each ALT allele, in the same order as listed">
Warning: Expected at least 2 parts in INFO entry: ID=AF,Number=A,Type=Float,Description="Allele Frequency, for each ALT allele, in the same order as listed">
Warning: Expected at least 2 parts in INFO entry: ID=AF,Number=A,Type=Float,Description="Allele Frequency, for each ALT allele, in the same order as listed">
Warning: Expected at least 2 parts in INFO entry: ID=AFR_AF,Number=A,Type=Float,Description="Allele frequency in the AFR populations calculated from AC and AN, in the range (0,1)">
Warning: Expected at least 2 parts in INFO entry: ID=AFR_AF,Number=A,Type=Float,Description="Allele frequency in the AFR populations calculated from AC and AN, in the range (0,1)">
Warning: Expected at least 2 parts in INFO entry: ID=AMR_AF,Number=A,Type=Float,Description="Allele frequency in the AMR populations calculated from AC and AN, in the range (0,1)">
Warning: Expected at least 2 parts in INFO entry: ID=AMR_AF,Number=A,Type=Float,Description="Allele frequency in the AMR populations calculated from AC and AN, in the range (0,1)">
Warning: Expected at least 2 parts in INFO entry: ID=EAS_AF,Number=A,Type=Float,Description="Allele frequency in the EAS populations calculated from AC and AN, in the range (0,1)">
Warning: Expected at least 2 parts in INFO entry: ID=EAS_AF,Number=A,Type=Float,Description="Allele frequency in the EAS populations calculated from AC and AN, in the range (0,1)">
Warning: Expected at least 2 parts in INFO entry: ID=EUR_AF,Number=A,Type=Float,Description="Allele frequency in the EUR populations calculated from AC and AN, in the range (0,1)">
Warning: Expected at least 2 parts in INFO entry: ID=EUR_AF,Number=A,Type=Float,Description="Allele frequency in the EUR populations calculated from AC and AN, in the range (0,1)">
Warning: Expected at least 2 parts in INFO entry: ID=MEINFO,Number=4,Type=String,Description="Mobile element info of the form NAME,START,END<POLARITY; If there is only 5' OR 3' support for this call, will be NULL NULL for START and END">
Warning: Expected at least 2 parts in INFO entry: ID=MEINFO,Number=4,Type=String,Description="Mobile element info of the form NAME,START,END<POLARITY; If there is only 5' OR 3' support for this call, will be NULL NULL for START and END">
Warning: Expected at least 2 parts in INFO entry: ID=MEINFO,Number=4,Type=String,Description="Mobile element info of the form NAME,START,END<POLARITY; If there is only 5' OR 3' support for this call, will be NULL NULL for START and END">
Warning: Expected at least 2 parts in INFO entry: ID=SAS_AF,Number=A,Type=Float,Description="Allele frequency in the SAS populations calculated from AC and AN, in the range (0,1)">
Warning: Expected at least 2 parts in INFO entry: ID=SAS_AF,Number=A,Type=Float,Description="Allele frequency in the SAS populations calculated from AC and AN, in the range (0,1)">
Warning: Expected at least 2 parts in INFO entry: ID=SF,Number=.,Type=String,Description="Source File (index to sourceFiles, f when filtered)">
Warning: Expected at least 2 parts in INFO entry: ID=SVLEN,Number=.,Type=Integer,Description="SV length. It is only calculated for structural variation MEIs. For other types of SVs; one may calculate the SV length by INFO:END-START+1, or by finding the difference between lengthes of REF and ALT alleles">
Warning: Expected at least 2 parts in INFO entry: ID=TSD,Number=1,Type=String,Description="Precise Target Site Duplication for bases, if unknown, value will be NULL">
Warning: Expected at least 2 parts in INFO entry: ID=TSD,Number=1,Type=String,Description="Precise Target Site Duplication for bases, if unknown, value will be NULL">
After filtering, kept 816 out of 816 Individuals
Outputting VCF file...
After filtering, kept 3584 out of a possible 3587 Sites
Run Time = 4.00 seconds
